The system is: Linux - 5.15.11-arch2-1 - x86_64
Compiling the C compiler identification source file "CMakeCCompilerId.c" succeeded.
Compiler: /usr/bin/cc 
Build flags: 
Id flags:  

The output was:
0


Compilation of the C compiler identification source "CMakeCCompilerId.c" produced "a.out"

The C compiler identification is GNU, found in "/home/jonas/Code/C++/build/CMakeFiles/3.22.1/CompilerIdC/a.out"

Compiling the CXX compiler identification source file "CMakeCXXCompilerId.cpp" succeeded.
Compiler: /usr/local/bin/syclcc 
Build flags: 
Id flags:  

The output was:
0
syclcc warning: No optimization flag was given, optimizations are disabled by default. Performance may be degraded. Compile with e.g. -O2/-O3 to enable optimizations.


Compilation of the CXX compiler identification source "CMakeCXXCompilerId.cpp" produced "a.out"

The CXX compiler identification is Clang, found in "/home/jonas/Code/C++/build/CMakeFiles/3.22.1/CompilerIdCXX/a.out"

Detecting C compiler ABI info compiled with the following output:
Change Dir: /home/jonas/Code/C++/build/CMakeFiles/CMakeTmp

Run Build Command(s):/usr/bin/make -f Makefile cmTC_0dfe6/fast && /usr/bin/make  -f CMakeFiles/cmTC_0dfe6.dir/build.make CMakeFiles/cmTC_0dfe6.dir/build
make[1]: Entering directory '/home/jonas/Code/C++/build/CMakeFiles/CMakeTmp'
Building C object CMakeFiles/cmTC_0dfe6.dir/CMakeCCompilerABI.c.o
/usr/bin/cc   -v -o CMakeFiles/cmTC_0dfe6.dir/CMakeCCompilerABI.c.o -c /usr/share/cmake/Modules/CMakeCCompilerABI.c
Using built-in specs.
COLLECT_GCC=/usr/bin/cc
Target: x86_64-pc-linux-gnu
Configured with: /build/gcc/src/gcc/configure --prefix=/usr --libdir=/usr/lib --libexecdir=/usr/lib --mandir=/usr/share/man --infodir=/usr/share/info --with-bugurl=https://bugs.archlinux.org/ --enable-languages=c,c++,ada,fortran,go,lto,objc,obj-c++,d --with-isl --with-linker-hash-style=gnu --with-system-zlib --enable-__cxa_atexit --enable-cet=auto --enable-checking=release --enable-clocale=gnu --enable-default-pie --enable-default-ssp --enable-gnu-indirect-function --enable-gnu-unique-object --enable-install-libiberty --enable-linker-build-id --enable-lto --enable-multilib --enable-plugin --enable-shared --enable-threads=posix --disable-libssp --disable-libstdcxx-pch --disable-libunwind-exceptions --disable-werror gdc_include_dir=/usr/include/dlang/gdc
Thread model: posix
Supported LTO compression algorithms: zlib zstd
gcc version 11.1.0 (GCC) 
COLLECT_GCC_OPTIONS='-v' '-o' 'CMakeFiles/cmTC_0dfe6.dir/CMakeCCompilerABI.c.o' '-c' '-mtune=generic' '-march=x86-64' '-dumpdir' 'CMakeFiles/cmTC_0dfe6.dir/'
 /usr/lib/gcc/x86_64-pc-linux-gnu/11.1.0/cc1 -quiet -v /usr/share/cmake/Modules/CMakeCCompilerABI.c -quiet -dumpdir CMakeFiles/cmTC_0dfe6.dir/ -dumpbase CMakeCCompilerABI.c.c -dumpbase-ext .c -mtune=generic -march=x86-64 -version -o /tmp/cc4m2NMl.s
GNU C17 (GCC) version 11.1.0 (x86_64-pc-linux-gnu)
	compiled by GNU C version 11.1.0, GMP version 6.2.1, MPFR version 4.1.0-p13, MPC version 1.2.1, isl version isl-0.24-GMP

GGC heuristics: --param ggc-min-expand=100 --param ggc-min-heapsize=131072
ignoring nonexistent directory "/usr/lib/gcc/x86_64-pc-linux-gnu/11.1.0/../../../../x86_64-pc-linux-gnu/include"
#include "..." search starts here:
#include <...> search starts here:
 /usr/lib/gcc/x86_64-pc-linux-gnu/11.1.0/include
 /usr/local/include
 /usr/lib/gcc/x86_64-pc-linux-gnu/11.1.0/include-fixed
 /usr/include
End of search list.
GNU C17 (GCC) version 11.1.0 (x86_64-pc-linux-gnu)
	compiled by GNU C version 11.1.0, GMP version 6.2.1, MPFR version 4.1.0-p13, MPC version 1.2.1, isl version isl-0.24-GMP

GGC heuristics: --param ggc-min-expand=100 --param ggc-min-heapsize=131072
Compiler executable checksum: ec1bc319e19ef4dd2d241e66d95d4739
COLLECT_GCC_OPTIONS='-v' '-o' 'CMakeFiles/cmTC_0dfe6.dir/CMakeCCompilerABI.c.o' '-c' '-mtune=generic' '-march=x86-64' '-dumpdir' 'CMakeFiles/cmTC_0dfe6.dir/'
 as -v --64 -o CMakeFiles/cmTC_0dfe6.dir/CMakeCCompilerABI.c.o /tmp/cc4m2NMl.s
GNU assembler version 2.36.1 (x86_64-pc-linux-gnu) using BFD version (GNU Binutils) 2.36.1
COMPILER_PATH=/usr/lib/gcc/x86_64-pc-linux-gnu/11.1.0/:/usr/lib/gcc/x86_64-pc-linux-gnu/11.1.0/:/usr/lib/gcc/x86_64-pc-linux-gnu/:/usr/lib/gcc/x86_64-pc-linux-gnu/11.1.0/:/usr/lib/gcc/x86_64-pc-linux-gnu/
LIBRARY_PATH=/usr/lib/gcc/x86_64-pc-linux-gnu/11.1.0/:/usr/lib/gcc/x86_64-pc-linux-gnu/11.1.0/../../../../lib/:/lib/../lib/:/usr/lib/../lib/:/usr/lib/gcc/x86_64-pc-linux-gnu/11.1.0/../../../:/lib/:/usr/lib/
COLLECT_GCC_OPTIONS='-v' '-o' 'CMakeFiles/cmTC_0dfe6.dir/CMakeCCompilerABI.c.o' '-c' '-mtune=generic' '-march=x86-64' '-dumpdir' 'CMakeFiles/cmTC_0dfe6.dir/CMakeCCompilerABI.c.'
Linking C executable cmTC_0dfe6
/usr/bin/cmake -E cmake_link_script CMakeFiles/cmTC_0dfe6.dir/link.txt --verbose=1
/usr/bin/cc  -v CMakeFiles/cmTC_0dfe6.dir/CMakeCCompilerABI.c.o -o cmTC_0dfe6 
Using built-in specs.
COLLECT_GCC=/usr/bin/cc
COLLECT_LTO_WRAPPER=/usr/lib/gcc/x86_64-pc-linux-gnu/11.1.0/lto-wrapper
Target: x86_64-pc-linux-gnu
Configured with: /build/gcc/src/gcc/configure --prefix=/usr --libdir=/usr/lib --libexecdir=/usr/lib --mandir=/usr/share/man --infodir=/usr/share/info --with-bugurl=https://bugs.archlinux.org/ --enable-languages=c,c++,ada,fortran,go,lto,objc,obj-c++,d --with-isl --with-linker-hash-style=gnu --with-system-zlib --enable-__cxa_atexit --enable-cet=auto --enable-checking=release --enable-clocale=gnu --enable-default-pie --enable-default-ssp --enable-gnu-indirect-function --enable-gnu-unique-object --enable-install-libiberty --enable-linker-build-id --enable-lto --enable-multilib --enable-plugin --enable-shared --enable-threads=posix --disable-libssp --disable-libstdcxx-pch --disable-libunwind-exceptions --disable-werror gdc_include_dir=/usr/include/dlang/gdc
Thread model: posix
Supported LTO compression algorithms: zlib zstd
gcc version 11.1.0 (GCC) 
COMPILER_PATH=/usr/lib/gcc/x86_64-pc-linux-gnu/11.1.0/:/usr/lib/gcc/x86_64-pc-linux-gnu/11.1.0/:/usr/lib/gcc/x86_64-pc-linux-gnu/:/usr/lib/gcc/x86_64-pc-linux-gnu/11.1.0/:/usr/lib/gcc/x86_64-pc-linux-gnu/
LIBRARY_PATH=/usr/lib/gcc/x86_64-pc-linux-gnu/11.1.0/:/usr/lib/gcc/x86_64-pc-linux-gnu/11.1.0/../../../../lib/:/lib/../lib/:/usr/lib/../lib/:/usr/lib/gcc/x86_64-pc-linux-gnu/11.1.0/../../../:/lib/:/usr/lib/
COLLECT_GCC_OPTIONS='-v' '-o' 'cmTC_0dfe6' '-mtune=generic' '-march=x86-64' '-dumpdir' 'cmTC_0dfe6.'
 /usr/lib/gcc/x86_64-pc-linux-gnu/11.1.0/collect2 -plugin /usr/lib/gcc/x86_64-pc-linux-gnu/11.1.0/liblto_plugin.so -plugin-opt=/usr/lib/gcc/x86_64-pc-linux-gnu/11.1.0/lto-wrapper -plugin-opt=-fresolution=/tmp/ccH82kN9.res -plugin-opt=-pass-through=-lgcc -plugin-opt=-pass-through=-lgcc_s -plugin-opt=-pass-through=-lc -plugin-opt=-pass-through=-lgcc -plugin-opt=-pass-through=-lgcc_s --build-id --eh-frame-hdr --hash-style=gnu -m elf_x86_64 -dynamic-linker /lib64/ld-linux-x86-64.so.2 -pie -o cmTC_0dfe6 /usr/lib/gcc/x86_64-pc-linux-gnu/11.1.0/../../../../lib/Scrt1.o /usr/lib/gcc/x86_64-pc-linux-gnu/11.1.0/../../../../lib/crti.o /usr/lib/gcc/x86_64-pc-linux-gnu/11.1.0/crtbeginS.o -L/usr/lib/gcc/x86_64-pc-linux-gnu/11.1.0 -L/usr/lib/gcc/x86_64-pc-linux-gnu/11.1.0/../../../../lib -L/lib/../lib -L/usr/lib/../lib -L/usr/lib/gcc/x86_64-pc-linux-gnu/11.1.0/../../.. CMakeFiles/cmTC_0dfe6.dir/CMakeCCompilerABI.c.o -lgcc --push-state --as-needed -lgcc_s --pop-state -lc -lgcc --push-state --as-needed -lgcc_s --pop-state /usr/lib/gcc/x86_64-pc-linux-gnu/11.1.0/crtendS.o /usr/lib/gcc/x86_64-pc-linux-gnu/11.1.0/../../../../lib/crtn.o
COLLECT_GCC_OPTIONS='-v' '-o' 'cmTC_0dfe6' '-mtune=generic' '-march=x86-64' '-dumpdir' 'cmTC_0dfe6.'
make[1]: Leaving directory '/home/jonas/Code/C++/build/CMakeFiles/CMakeTmp'



Parsed C implicit include dir info from above output: rv=done
  found start of include info
  found start of implicit include info
    add: [/usr/lib/gcc/x86_64-pc-linux-gnu/11.1.0/include]
    add: [/usr/local/include]
    add: [/usr/lib/gcc/x86_64-pc-linux-gnu/11.1.0/include-fixed]
    add: [/usr/include]
  end of search list found
  collapse include dir [/usr/lib/gcc/x86_64-pc-linux-gnu/11.1.0/include] ==> [/usr/lib/gcc/x86_64-pc-linux-gnu/11.1.0/include]
  collapse include dir [/usr/local/include] ==> [/usr/local/include]
  collapse include dir [/usr/lib/gcc/x86_64-pc-linux-gnu/11.1.0/include-fixed] ==> [/usr/lib/gcc/x86_64-pc-linux-gnu/11.1.0/include-fixed]
  collapse include dir [/usr/include] ==> [/usr/include]
  implicit include dirs: [/usr/lib/gcc/x86_64-pc-linux-gnu/11.1.0/include;/usr/local/include;/usr/lib/gcc/x86_64-pc-linux-gnu/11.1.0/include-fixed;/usr/include]


Parsed C implicit link information from above output:
  link line regex: [^( *|.*[/\])(ld|CMAKE_LINK_STARTFILE-NOTFOUND|([^/\]+-)?ld|collect2)[^/\]*( |$)]
  ignore line: [Change Dir: /home/jonas/Code/C++/build/CMakeFiles/CMakeTmp]
  ignore line: []
  ignore line: [Run Build Command(s):/usr/bin/make -f Makefile cmTC_0dfe6/fast && /usr/bin/make  -f CMakeFiles/cmTC_0dfe6.dir/build.make CMakeFiles/cmTC_0dfe6.dir/build]
  ignore line: [make[1]: Entering directory '/home/jonas/Code/C++/build/CMakeFiles/CMakeTmp']
  ignore line: [Building C object CMakeFiles/cmTC_0dfe6.dir/CMakeCCompilerABI.c.o]
  ignore line: [/usr/bin/cc   -v -o CMakeFiles/cmTC_0dfe6.dir/CMakeCCompilerABI.c.o -c /usr/share/cmake/Modules/CMakeCCompilerABI.c]
  ignore line: [Using built-in specs.]
  ignore line: [COLLECT_GCC=/usr/bin/cc]
  ignore line: [Target: x86_64-pc-linux-gnu]
  ignore line: [Configured with: /build/gcc/src/gcc/configure --prefix=/usr --libdir=/usr/lib --libexecdir=/usr/lib --mandir=/usr/share/man --infodir=/usr/share/info --with-bugurl=https://bugs.archlinux.org/ --enable-languages=c c++ ada fortran go lto objc obj-c++ d --with-isl --with-linker-hash-style=gnu --with-system-zlib --enable-__cxa_atexit --enable-cet=auto --enable-checking=release --enable-clocale=gnu --enable-default-pie --enable-default-ssp --enable-gnu-indirect-function --enable-gnu-unique-object --enable-install-libiberty --enable-linker-build-id --enable-lto --enable-multilib --enable-plugin --enable-shared --enable-threads=posix --disable-libssp --disable-libstdcxx-pch --disable-libunwind-exceptions --disable-werror gdc_include_dir=/usr/include/dlang/gdc]
  ignore line: [Thread model: posix]
  ignore line: [Supported LTO compression algorithms: zlib zstd]
  ignore line: [gcc version 11.1.0 (GCC) ]
  ignore line: [COLLECT_GCC_OPTIONS='-v' '-o' 'CMakeFiles/cmTC_0dfe6.dir/CMakeCCompilerABI.c.o' '-c' '-mtune=generic' '-march=x86-64' '-dumpdir' 'CMakeFiles/cmTC_0dfe6.dir/']
  ignore line: [ /usr/lib/gcc/x86_64-pc-linux-gnu/11.1.0/cc1 -quiet -v /usr/share/cmake/Modules/CMakeCCompilerABI.c -quiet -dumpdir CMakeFiles/cmTC_0dfe6.dir/ -dumpbase CMakeCCompilerABI.c.c -dumpbase-ext .c -mtune=generic -march=x86-64 -version -o /tmp/cc4m2NMl.s]
  ignore line: [GNU C17 (GCC) version 11.1.0 (x86_64-pc-linux-gnu)]
  ignore line: [	compiled by GNU C version 11.1.0  GMP version 6.2.1  MPFR version 4.1.0-p13  MPC version 1.2.1  isl version isl-0.24-GMP]
  ignore line: []
  ignore line: [GGC heuristics: --param ggc-min-expand=100 --param ggc-min-heapsize=131072]
  ignore line: [ignoring nonexistent directory "/usr/lib/gcc/x86_64-pc-linux-gnu/11.1.0/../../../../x86_64-pc-linux-gnu/include"]
  ignore line: [#include "..." search starts here:]
  ignore line: [#include <...> search starts here:]
  ignore line: [ /usr/lib/gcc/x86_64-pc-linux-gnu/11.1.0/include]
  ignore line: [ /usr/local/include]
  ignore line: [ /usr/lib/gcc/x86_64-pc-linux-gnu/11.1.0/include-fixed]
  ignore line: [ /usr/include]
  ignore line: [End of search list.]
  ignore line: [GNU C17 (GCC) version 11.1.0 (x86_64-pc-linux-gnu)]
  ignore line: [	compiled by GNU C version 11.1.0  GMP version 6.2.1  MPFR version 4.1.0-p13  MPC version 1.2.1  isl version isl-0.24-GMP]
  ignore line: []
  ignore line: [GGC heuristics: --param ggc-min-expand=100 --param ggc-min-heapsize=131072]
  ignore line: [Compiler executable checksum: ec1bc319e19ef4dd2d241e66d95d4739]
  ignore line: [COLLECT_GCC_OPTIONS='-v' '-o' 'CMakeFiles/cmTC_0dfe6.dir/CMakeCCompilerABI.c.o' '-c' '-mtune=generic' '-march=x86-64' '-dumpdir' 'CMakeFiles/cmTC_0dfe6.dir/']
  ignore line: [ as -v --64 -o CMakeFiles/cmTC_0dfe6.dir/CMakeCCompilerABI.c.o /tmp/cc4m2NMl.s]
  ignore line: [GNU assembler version 2.36.1 (x86_64-pc-linux-gnu) using BFD version (GNU Binutils) 2.36.1]
  ignore line: [COMPILER_PATH=/usr/lib/gcc/x86_64-pc-linux-gnu/11.1.0/:/usr/lib/gcc/x86_64-pc-linux-gnu/11.1.0/:/usr/lib/gcc/x86_64-pc-linux-gnu/:/usr/lib/gcc/x86_64-pc-linux-gnu/11.1.0/:/usr/lib/gcc/x86_64-pc-linux-gnu/]
  ignore line: [LIBRARY_PATH=/usr/lib/gcc/x86_64-pc-linux-gnu/11.1.0/:/usr/lib/gcc/x86_64-pc-linux-gnu/11.1.0/../../../../lib/:/lib/../lib/:/usr/lib/../lib/:/usr/lib/gcc/x86_64-pc-linux-gnu/11.1.0/../../../:/lib/:/usr/lib/]
  ignore line: [COLLECT_GCC_OPTIONS='-v' '-o' 'CMakeFiles/cmTC_0dfe6.dir/CMakeCCompilerABI.c.o' '-c' '-mtune=generic' '-march=x86-64' '-dumpdir' 'CMakeFiles/cmTC_0dfe6.dir/CMakeCCompilerABI.c.']
  ignore line: [Linking C executable cmTC_0dfe6]
  ignore line: [/usr/bin/cmake -E cmake_link_script CMakeFiles/cmTC_0dfe6.dir/link.txt --verbose=1]
  ignore line: [/usr/bin/cc  -v CMakeFiles/cmTC_0dfe6.dir/CMakeCCompilerABI.c.o -o cmTC_0dfe6 ]
  ignore line: [Using built-in specs.]
  ignore line: [COLLECT_GCC=/usr/bin/cc]
  ignore line: [COLLECT_LTO_WRAPPER=/usr/lib/gcc/x86_64-pc-linux-gnu/11.1.0/lto-wrapper]
  ignore line: [Target: x86_64-pc-linux-gnu]
  ignore line: [Configured with: /build/gcc/src/gcc/configure --prefix=/usr --libdir=/usr/lib --libexecdir=/usr/lib --mandir=/usr/share/man --infodir=/usr/share/info --with-bugurl=https://bugs.archlinux.org/ --enable-languages=c c++ ada fortran go lto objc obj-c++ d --with-isl --with-linker-hash-style=gnu --with-system-zlib --enable-__cxa_atexit --enable-cet=auto --enable-checking=release --enable-clocale=gnu --enable-default-pie --enable-default-ssp --enable-gnu-indirect-function --enable-gnu-unique-object --enable-install-libiberty --enable-linker-build-id --enable-lto --enable-multilib --enable-plugin --enable-shared --enable-threads=posix --disable-libssp --disable-libstdcxx-pch --disable-libunwind-exceptions --disable-werror gdc_include_dir=/usr/include/dlang/gdc]
  ignore line: [Thread model: posix]
  ignore line: [Supported LTO compression algorithms: zlib zstd]
  ignore line: [gcc version 11.1.0 (GCC) ]
  ignore line: [COMPILER_PATH=/usr/lib/gcc/x86_64-pc-linux-gnu/11.1.0/:/usr/lib/gcc/x86_64-pc-linux-gnu/11.1.0/:/usr/lib/gcc/x86_64-pc-linux-gnu/:/usr/lib/gcc/x86_64-pc-linux-gnu/11.1.0/:/usr/lib/gcc/x86_64-pc-linux-gnu/]
  ignore line: [LIBRARY_PATH=/usr/lib/gcc/x86_64-pc-linux-gnu/11.1.0/:/usr/lib/gcc/x86_64-pc-linux-gnu/11.1.0/../../../../lib/:/lib/../lib/:/usr/lib/../lib/:/usr/lib/gcc/x86_64-pc-linux-gnu/11.1.0/../../../:/lib/:/usr/lib/]
  ignore line: [COLLECT_GCC_OPTIONS='-v' '-o' 'cmTC_0dfe6' '-mtune=generic' '-march=x86-64' '-dumpdir' 'cmTC_0dfe6.']
  link line: [ /usr/lib/gcc/x86_64-pc-linux-gnu/11.1.0/collect2 -plugin /usr/lib/gcc/x86_64-pc-linux-gnu/11.1.0/liblto_plugin.so -plugin-opt=/usr/lib/gcc/x86_64-pc-linux-gnu/11.1.0/lto-wrapper -plugin-opt=-fresolution=/tmp/ccH82kN9.res -plugin-opt=-pass-through=-lgcc -plugin-opt=-pass-through=-lgcc_s -plugin-opt=-pass-through=-lc -plugin-opt=-pass-through=-lgcc -plugin-opt=-pass-through=-lgcc_s --build-id --eh-frame-hdr --hash-style=gnu -m elf_x86_64 -dynamic-linker /lib64/ld-linux-x86-64.so.2 -pie -o cmTC_0dfe6 /usr/lib/gcc/x86_64-pc-linux-gnu/11.1.0/../../../../lib/Scrt1.o /usr/lib/gcc/x86_64-pc-linux-gnu/11.1.0/../../../../lib/crti.o /usr/lib/gcc/x86_64-pc-linux-gnu/11.1.0/crtbeginS.o -L/usr/lib/gcc/x86_64-pc-linux-gnu/11.1.0 -L/usr/lib/gcc/x86_64-pc-linux-gnu/11.1.0/../../../../lib -L/lib/../lib -L/usr/lib/../lib -L/usr/lib/gcc/x86_64-pc-linux-gnu/11.1.0/../../.. CMakeFiles/cmTC_0dfe6.dir/CMakeCCompilerABI.c.o -lgcc --push-state --as-needed -lgcc_s --pop-state -lc -lgcc --push-state --as-needed -lgcc_s --pop-state /usr/lib/gcc/x86_64-pc-linux-gnu/11.1.0/crtendS.o /usr/lib/gcc/x86_64-pc-linux-gnu/11.1.0/../../../../lib/crtn.o]
    arg [/usr/lib/gcc/x86_64-pc-linux-gnu/11.1.0/collect2] ==> ignore
    arg [-plugin] ==> ignore
    arg [/usr/lib/gcc/x86_64-pc-linux-gnu/11.1.0/liblto_plugin.so] ==> ignore
    arg [-plugin-opt=/usr/lib/gcc/x86_64-pc-linux-gnu/11.1.0/lto-wrapper] ==> ignore
    arg [-plugin-opt=-fresolution=/tmp/ccH82kN9.res] ==> ignore
    arg [-plugin-opt=-pass-through=-lgcc] ==> ignore
    arg [-plugin-opt=-pass-through=-lgcc_s] ==> ignore
    arg [-plugin-opt=-pass-through=-lc] ==> ignore
    arg [-plugin-opt=-pass-through=-lgcc] ==> ignore
    arg [-plugin-opt=-pass-through=-lgcc_s] ==> ignore
    arg [--build-id] ==> ignore
    arg [--eh-frame-hdr] ==> ignore
    arg [--hash-style=gnu] ==> ignore
    arg [-m] ==> ignore
    arg [elf_x86_64] ==> ignore
    arg [-dynamic-linker] ==> ignore
    arg [/lib64/ld-linux-x86-64.so.2] ==> ignore
    arg [-pie] ==> ignore
    arg [-o] ==> ignore
    arg [cmTC_0dfe6] ==> ignore
    arg [/usr/lib/gcc/x86_64-pc-linux-gnu/11.1.0/../../../../lib/Scrt1.o] ==> obj [/usr/lib/gcc/x86_64-pc-linux-gnu/11.1.0/../../../../lib/Scrt1.o]
    arg [/usr/lib/gcc/x86_64-pc-linux-gnu/11.1.0/../../../../lib/crti.o] ==> obj [/usr/lib/gcc/x86_64-pc-linux-gnu/11.1.0/../../../../lib/crti.o]
    arg [/usr/lib/gcc/x86_64-pc-linux-gnu/11.1.0/crtbeginS.o] ==> obj [/usr/lib/gcc/x86_64-pc-linux-gnu/11.1.0/crtbeginS.o]
    arg [-L/usr/lib/gcc/x86_64-pc-linux-gnu/11.1.0] ==> dir [/usr/lib/gcc/x86_64-pc-linux-gnu/11.1.0]
    arg [-L/usr/lib/gcc/x86_64-pc-linux-gnu/11.1.0/../../../../lib] ==> dir [/usr/lib/gcc/x86_64-pc-linux-gnu/11.1.0/../../../../lib]
    arg [-L/lib/../lib] ==> dir [/lib/../lib]
    arg [-L/usr/lib/../lib] ==> dir [/usr/lib/../lib]
    arg [-L/usr/lib/gcc/x86_64-pc-linux-gnu/11.1.0/../../..] ==> dir [/usr/lib/gcc/x86_64-pc-linux-gnu/11.1.0/../../..]
    arg [CMakeFiles/cmTC_0dfe6.dir/CMakeCCompilerABI.c.o] ==> ignore
    arg [-lgcc] ==> lib [gcc]
    arg [--push-state] ==> ignore
    arg [--as-needed] ==> ignore
    arg [-lgcc_s] ==> lib [gcc_s]
    arg [--pop-state] ==> ignore
    arg [-lc] ==> lib [c]
    arg [-lgcc] ==> lib [gcc]
    arg [--push-state] ==> ignore
    arg [--as-needed] ==> ignore
    arg [-lgcc_s] ==> lib [gcc_s]
    arg [--pop-state] ==> ignore
    arg [/usr/lib/gcc/x86_64-pc-linux-gnu/11.1.0/crtendS.o] ==> obj [/usr/lib/gcc/x86_64-pc-linux-gnu/11.1.0/crtendS.o]
    arg [/usr/lib/gcc/x86_64-pc-linux-gnu/11.1.0/../../../../lib/crtn.o] ==> obj [/usr/lib/gcc/x86_64-pc-linux-gnu/11.1.0/../../../../lib/crtn.o]
  collapse obj [/usr/lib/gcc/x86_64-pc-linux-gnu/11.1.0/../../../../lib/Scrt1.o] ==> [/usr/lib/Scrt1.o]
  collapse obj [/usr/lib/gcc/x86_64-pc-linux-gnu/11.1.0/../../../../lib/crti.o] ==> [/usr/lib/crti.o]
  collapse obj [/usr/lib/gcc/x86_64-pc-linux-gnu/11.1.0/../../../../lib/crtn.o] ==> [/usr/lib/crtn.o]
  collapse library dir [/usr/lib/gcc/x86_64-pc-linux-gnu/11.1.0] ==> [/usr/lib/gcc/x86_64-pc-linux-gnu/11.1.0]
  collapse library dir [/usr/lib/gcc/x86_64-pc-linux-gnu/11.1.0/../../../../lib] ==> [/usr/lib]
  collapse library dir [/lib/../lib] ==> [/lib]
  collapse library dir [/usr/lib/../lib] ==> [/usr/lib]
  collapse library dir [/usr/lib/gcc/x86_64-pc-linux-gnu/11.1.0/../../..] ==> [/usr/lib]
  implicit libs: [gcc;gcc_s;c;gcc;gcc_s]
  implicit objs: [/usr/lib/Scrt1.o;/usr/lib/crti.o;/usr/lib/gcc/x86_64-pc-linux-gnu/11.1.0/crtbeginS.o;/usr/lib/gcc/x86_64-pc-linux-gnu/11.1.0/crtendS.o;/usr/lib/crtn.o]
  implicit dirs: [/usr/lib/gcc/x86_64-pc-linux-gnu/11.1.0;/usr/lib;/lib]
  implicit fwks: []


Detecting CXX compiler ABI info compiled with the following output:
Change Dir: /home/jonas/Code/C++/build/CMakeFiles/CMakeTmp

Run Build Command(s):/usr/bin/make -f Makefile cmTC_984a7/fast && /usr/bin/make  -f CMakeFiles/cmTC_984a7.dir/build.make CMakeFiles/cmTC_984a7.dir/build
make[1]: Entering directory '/home/jonas/Code/C++/build/CMakeFiles/CMakeTmp'
Building CXX object CMakeFiles/cmTC_984a7.dir/CMakeCXXCompilerABI.cpp.o
/usr/local/bin/syclcc   -v -MD -MT CMakeFiles/cmTC_984a7.dir/CMakeCXXCompilerABI.cpp.o -MF CMakeFiles/cmTC_984a7.dir/CMakeCXXCompilerABI.cpp.o.d -o CMakeFiles/cmTC_984a7.dir/CMakeCXXCompilerABI.cpp.o -c /usr/share/cmake/Modules/CMakeCXXCompilerABI.cpp
clang version 13.0.0
Target: x86_64-pc-linux-gnu
Thread model: posix
InstalledDir: /usr/bin
Found candidate GCC installation: /usr/bin/../lib/gcc/x86_64-pc-linux-gnu/10.3.0
Found candidate GCC installation: /usr/bin/../lib/gcc/x86_64-pc-linux-gnu/11.1.0
Found candidate GCC installation: /usr/bin/../lib64/gcc/x86_64-pc-linux-gnu/10.3.0
Found candidate GCC installation: /usr/bin/../lib64/gcc/x86_64-pc-linux-gnu/11.1.0
Selected GCC installation: /usr/bin/../lib64/gcc/x86_64-pc-linux-gnu/11.1.0
Candidate multilib: .;@m64
Candidate multilib: 32;@m32
Selected multilib: .;@m64
Found HIP installation: /opt/rocm, version 4.3.21365-
 "/usr/bin/clang-13" -cc1 -triple amdgcn-amd-amdhsa -aux-triple x86_64-pc-linux-gnu -emit-obj -mrelax-all --mrelax-relocations -disable-free -disable-llvm-verifier -discard-value-names -main-file-name CMakeCXXCompilerABI.cpp -mrelocation-model pic -pic-level 1 -fhalf-no-semantic-interposition -mframe-pointer=all -fno-rounding-math -aux-target-cpu x86-64 -fcuda-is-device -mllvm -amdgpu-internalize-symbols -fcuda-allow-variadic-functions -fvisibility hidden -fapply-global-visibility-to-externs -mlink-builtin-bitcode /opt/rocm/amdgcn/bitcode/hip.bc -mlink-builtin-bitcode /opt/rocm/amdgcn/bitcode/ocml.bc -mlink-builtin-bitcode /opt/rocm/amdgcn/bitcode/ockl.bc -mlink-builtin-bitcode /opt/rocm/amdgcn/bitcode/oclc_daz_opt_off.bc -mlink-builtin-bitcode /opt/rocm/amdgcn/bitcode/oclc_unsafe_math_off.bc -mlink-builtin-bitcode /opt/rocm/amdgcn/bitcode/oclc_finite_only_off.bc -mlink-builtin-bitcode /opt/rocm/amdgcn/bitcode/oclc_correctly_rounded_sqrt_on.bc -mlink-builtin-bitcode /opt/rocm/amdgcn/bitcode/oclc_wavefrontsize64_off.bc -mlink-builtin-bitcode /opt/rocm/amdgcn/bitcode/oclc_isa_version_1010.bc -target-cpu gfx1010 -debugger-tuning=gdb -v -resource-dir /usr/lib/clang/13.0.0 -dependency-file CMakeFiles/cmTC_984a7.dir/CMakeCXXCompilerABI.cpp.o.d -MT CMakeFiles/cmTC_984a7.dir/CMakeCXXCompilerABI.cpp.o -sys-header-deps -internal-isystem /usr/lib/clang/13.0.0/include/cuda_wrappers -internal-isystem /opt/rocm/include -include __clang_hip_runtime_wrapper.h -isystem /usr/local/bin/../include/hipSYCL/std/hiplike -isystem /usr/lib/clang/13.0.0/include/.. -I /usr/local/bin/../include/ -D __HIPSYCL__ -U __FLOAT128__ -U __SIZEOF_FLOAT128__ -I /opt/rocm/include -I /opt/rocm/include -D __HIP_ROCclr__ -D __HIPSYCL_ENABLE_HIP_TARGET__ -D __HIPSYCL_CLANG__ -D __HIPSYCL_ENABLE_OMPHOST_TARGET__ -I /usr/include -internal-isystem /usr/bin/../lib64/gcc/x86_64-pc-linux-gnu/11.1.0/../../../../include/c++/11.1.0 -internal-isystem /usr/bin/../lib64/gcc/x86_64-pc-linux-gnu/11.1.0/../../../../include/c++/11.1.0/x86_64-pc-linux-gnu -internal-isystem /usr/bin/../lib64/gcc/x86_64-pc-linux-gnu/11.1.0/../../../../include/c++/11.1.0/backward -internal-isystem /usr/bin/../lib64/gcc/x86_64-pc-linux-gnu/11.1.0/../../../../include/c++/11.1.0 -internal-isystem /usr/bin/../lib64/gcc/x86_64-pc-linux-gnu/11.1.0/../../../../include/c++/11.1.0/x86_64-pc-linux-gnu -internal-isystem /usr/bin/../lib64/gcc/x86_64-pc-linux-gnu/11.1.0/../../../../include/c++/11.1.0/backward -internal-isystem /usr/lib/clang/13.0.0/include -internal-isystem /usr/local/include -internal-isystem /usr/bin/../lib64/gcc/x86_64-pc-linux-gnu/11.1.0/../../../../x86_64-pc-linux-gnu/include -internal-externc-isystem /include -internal-externc-isystem /usr/include -internal-isystem /usr/lib/clang/13.0.0/include -internal-isystem /usr/local/include -internal-isystem /usr/bin/../lib64/gcc/x86_64-pc-linux-gnu/11.1.0/../../../../x86_64-pc-linux-gnu/include -internal-externc-isystem /include -internal-externc-isystem /usr/include -std=c++17 -fdeprecated-macro -fno-autolink -fdebug-compilation-dir=/home/jonas/Code/C++/build/CMakeFiles/CMakeTmp -ferror-limit 19 -fhip-new-launch-api -fgnuc-version=4.2.1 -fcxx-exceptions -fexceptions -load /usr/local/bin/../lib/libhipSYCL_clang.so -fpass-plugin=/usr/local/bin/../lib/libhipSYCL_clang.so -mllvm -amdgpu-early-inline-all=true -mllvm -amdgpu-function-calls=false -cuid=3d7f29ddb45ab1e2 -fcuda-allow-variadic-functions -faddrsig -D__GCC_HAVE_DWARF2_CFI_ASM=1 -o /tmp/CMakeCXXCompilerABI-aa7ee8.o -x hip /usr/share/cmake/Modules/CMakeCXXCompilerABI.cpp
clang -cc1 version 13.0.0 based upon LLVM 13.0.0 default target x86_64-pc-linux-gnu
ignoring nonexistent directory "/usr/bin/../lib64/gcc/x86_64-pc-linux-gnu/11.1.0/../../../../x86_64-pc-linux-gnu/include"
ignoring nonexistent directory "/include"
ignoring nonexistent directory "/usr/bin/../lib64/gcc/x86_64-pc-linux-gnu/11.1.0/../../../../x86_64-pc-linux-gnu/include"
ignoring nonexistent directory "/include"
ignoring duplicate directory "/opt/rocm/include"
ignoring duplicate directory "/opt/rocm/include"
  as it is a non-system directory that duplicates a system directory
ignoring duplicate directory "/usr/bin/../lib64/gcc/x86_64-pc-linux-gnu/11.1.0/../../../../include/c++/11.1.0"
ignoring duplicate directory "/usr/bin/../lib64/gcc/x86_64-pc-linux-gnu/11.1.0/../../../../include/c++/11.1.0/x86_64-pc-linux-gnu"
ignoring duplicate directory "/usr/bin/../lib64/gcc/x86_64-pc-linux-gnu/11.1.0/../../../../include/c++/11.1.0/backward"
ignoring duplicate directory "/usr/local/bin/../include"
  as it is a non-system directory that duplicates a system directory
ignoring duplicate directory "/usr/include"
  as it is a non-system directory that duplicates a system directory
ignoring duplicate directory "/usr/lib/clang/13.0.0/include"
ignoring duplicate directory "/usr/local/bin/../include"
ignoring duplicate directory "/usr/include"
ignoring duplicate directory "/usr/local/bin/../include"
ignoring duplicate directory "/usr/lib/clang/13.0.0/include"
ignoring duplicate directory "/usr/include"
#include "..." search starts here:
#include <...> search starts here:
 /usr/local/bin/../include/hipSYCL/std/hiplike
 /usr/lib/clang/13.0.0/include/..
 /usr/lib/clang/13.0.0/include/cuda_wrappers
 /opt/rocm/include
 /usr/bin/../lib64/gcc/x86_64-pc-linux-gnu/11.1.0/../../../../include/c++/11.1.0
 /usr/bin/../lib64/gcc/x86_64-pc-linux-gnu/11.1.0/../../../../include/c++/11.1.0/x86_64-pc-linux-gnu
 /usr/bin/../lib64/gcc/x86_64-pc-linux-gnu/11.1.0/../../../../include/c++/11.1.0/backward
 /usr/lib/clang/13.0.0/include
 /usr/local/bin/../include
 /usr/include
End of search list.
 "/usr/bin/lld" -flavor gnu --no-undefined -shared -plugin-opt=-amdgpu-internalize-symbols -plugin-opt=mcpu=gfx1010 -plugin-opt=-amdgpu-early-inline-all=true -plugin-opt=-amdgpu-function-calls=false -o /tmp/CMakeCXXCompilerABI-30014c.out /tmp/CMakeCXXCompilerABI-aa7ee8.o
 "/usr/bin/clang-offload-bundler" -type=o -bundle-align=4096 -targets=host-x86_64-unknown-linux,hipv4-amdgcn-amd-amdhsa--gfx1010 -inputs=/dev/null,/tmp/CMakeCXXCompilerABI-30014c.out -outputs=/tmp/CMakeCXXCompilerABI-b827ef.hipfb
 "/usr/bin/clang-13" -cc1 -triple x86_64-pc-linux-gnu -aux-triple amdgcn-amd-amdhsa -emit-obj -mrelax-all --mrelax-relocations -disable-free -disable-llvm-verifier -discard-value-names -main-file-name CMakeCXXCompilerABI.cpp -mrelocation-model pic -pic-level 2 -pic-is-pie -mframe-pointer=all -fmath-errno -fno-rounding-math -mconstructor-aliases -munwind-tables -target-cpu x86-64 -tune-cpu generic -debugger-tuning=gdb -v -fcoverage-compilation-dir=/home/jonas/Code/C++/build/CMakeFiles/CMakeTmp -resource-dir /usr/lib/clang/13.0.0 -dependency-file CMakeFiles/cmTC_984a7.dir/CMakeCXXCompilerABI.cpp.o.d -MT CMakeFiles/cmTC_984a7.dir/CMakeCXXCompilerABI.cpp.o -sys-header-deps -internal-isystem /usr/lib/clang/13.0.0/include/cuda_wrappers -internal-isystem /opt/rocm/include -include __clang_hip_runtime_wrapper.h -isystem /usr/local/bin/../include/hipSYCL/std/hiplike -isystem /usr/lib/clang/13.0.0/include/.. -I /usr/local/bin/../include/ -D __HIPSYCL__ -U __FLOAT128__ -U __SIZEOF_FLOAT128__ -I /opt/rocm/include -I /opt/rocm/include -D __HIP_ROCclr__ -D __HIPSYCL_ENABLE_HIP_TARGET__ -D __HIPSYCL_CLANG__ -D __HIPSYCL_ENABLE_OMPHOST_TARGET__ -I /usr/include -internal-isystem /usr/bin/../lib64/gcc/x86_64-pc-linux-gnu/11.1.0/../../../../include/c++/11.1.0 -internal-isystem /usr/bin/../lib64/gcc/x86_64-pc-linux-gnu/11.1.0/../../../../include/c++/11.1.0/x86_64-pc-linux-gnu -internal-isystem /usr/bin/../lib64/gcc/x86_64-pc-linux-gnu/11.1.0/../../../../include/c++/11.1.0/backward -internal-isystem /usr/bin/../lib64/gcc/x86_64-pc-linux-gnu/11.1.0/../../../../include/c++/11.1.0 -internal-isystem /usr/bin/../lib64/gcc/x86_64-pc-linux-gnu/11.1.0/../../../../include/c++/11.1.0/x86_64-pc-linux-gnu -internal-isystem /usr/bin/../lib64/gcc/x86_64-pc-linux-gnu/11.1.0/../../../../include/c++/11.1.0/backward -internal-isystem /usr/lib/clang/13.0.0/include -internal-isystem /usr/local/include -internal-isystem /usr/bin/../lib64/gcc/x86_64-pc-linux-gnu/11.1.0/../../../../x86_64-pc-linux-gnu/include -internal-externc-isystem /include -internal-externc-isystem /usr/include -internal-isystem /usr/lib/clang/13.0.0/include -internal-isystem /usr/local/include -internal-isystem /usr/bin/../lib64/gcc/x86_64-pc-linux-gnu/11.1.0/../../../../x86_64-pc-linux-gnu/include -internal-externc-isystem /include -internal-externc-isystem /usr/include -std=c++17 -fdeprecated-macro -fdebug-compilation-dir=/home/jonas/Code/C++/build/CMakeFiles/CMakeTmp -ferror-limit 19 -stack-protector 2 -fhip-new-launch-api -fgnuc-version=4.2.1 -fcxx-exceptions -fexceptions -load /usr/local/bin/../lib/libhipSYCL_clang.so -fpass-plugin=/usr/local/bin/../lib/libhipSYCL_clang.so -mllvm -amdgpu-early-inline-all=true -mllvm -amdgpu-function-calls=false -fcuda-include-gpubinary /tmp/CMakeCXXCompilerABI-b827ef.hipfb -cuid=3d7f29ddb45ab1e2 -fcuda-allow-variadic-functions -faddrsig -D__GCC_HAVE_DWARF2_CFI_ASM=1 -o CMakeFiles/cmTC_984a7.dir/CMakeCXXCompilerABI.cpp.o -x hip /usr/share/cmake/Modules/CMakeCXXCompilerABI.cpp
clang -cc1 version 13.0.0 based upon LLVM 13.0.0 default target x86_64-pc-linux-gnu
ignoring nonexistent directory "/usr/bin/../lib64/gcc/x86_64-pc-linux-gnu/11.1.0/../../../../x86_64-pc-linux-gnu/include"
ignoring nonexistent directory "/include"
ignoring nonexistent directory "/usr/bin/../lib64/gcc/x86_64-pc-linux-gnu/11.1.0/../../../../x86_64-pc-linux-gnu/include"
ignoring nonexistent directory "/include"
ignoring duplicate directory "/opt/rocm/include"
ignoring duplicate directory "/opt/rocm/include"
  as it is a non-system directory that duplicates a system directory
ignoring duplicate directory "/usr/bin/../lib64/gcc/x86_64-pc-linux-gnu/11.1.0/../../../../include/c++/11.1.0"
ignoring duplicate directory "/usr/bin/../lib64/gcc/x86_64-pc-linux-gnu/11.1.0/../../../../include/c++/11.1.0/x86_64-pc-linux-gnu"
ignoring duplicate directory "/usr/bin/../lib64/gcc/x86_64-pc-linux-gnu/11.1.0/../../../../include/c++/11.1.0/backward"
ignoring duplicate directory "/usr/local/bin/../include"
  as it is a non-system directory that duplicates a system directory
ignoring duplicate directory "/usr/include"
  as it is a non-system directory that duplicates a system directory
ignoring duplicate directory "/usr/lib/clang/13.0.0/include"
ignoring duplicate directory "/usr/local/bin/../include"
ignoring duplicate directory "/usr/include"
#include "..." search starts here:
#include <...> search starts here:
 /usr/local/bin/../include/hipSYCL/std/hiplike
 /usr/lib/clang/13.0.0/include/..
 /usr/lib/clang/13.0.0/include/cuda_wrappers
 /opt/rocm/include
 /usr/bin/../lib64/gcc/x86_64-pc-linux-gnu/11.1.0/../../../../include/c++/11.1.0
 /usr/bin/../lib64/gcc/x86_64-pc-linux-gnu/11.1.0/../../../../include/c++/11.1.0/x86_64-pc-linux-gnu
 /usr/bin/../lib64/gcc/x86_64-pc-linux-gnu/11.1.0/../../../../include/c++/11.1.0/backward
 /usr/lib/clang/13.0.0/include
 /usr/local/bin/../include
 /usr/include
End of search list.
syclcc warning: No optimization flag was given, optimizations are disabled by default. Performance may be degraded. Compile with e.g. -O2/-O3 to enable optimizations.
Linking CXX executable cmTC_984a7
/usr/bin/cmake -E cmake_link_script CMakeFiles/cmTC_984a7.dir/link.txt --verbose=1
/usr/local/bin/syclcc  -v CMakeFiles/cmTC_984a7.dir/CMakeCXXCompilerABI.cpp.o -o cmTC_984a7 
clang version 13.0.0
Target: x86_64-pc-linux-gnu
Thread model: posix
InstalledDir: /usr/bin
Found candidate GCC installation: /usr/bin/../lib/gcc/x86_64-pc-linux-gnu/10.3.0
Found candidate GCC installation: /usr/bin/../lib/gcc/x86_64-pc-linux-gnu/11.1.0
Found candidate GCC installation: /usr/bin/../lib64/gcc/x86_64-pc-linux-gnu/10.3.0
Found candidate GCC installation: /usr/bin/../lib64/gcc/x86_64-pc-linux-gnu/11.1.0
Selected GCC installation: /usr/bin/../lib64/gcc/x86_64-pc-linux-gnu/11.1.0
Candidate multilib: .;@m64
Candidate multilib: 32;@m32
Selected multilib: .;@m64
Found HIP installation: /opt/rocm, version 4.3.21365-
 "/usr/bin/ld" -pie --eh-frame-hdr -m elf_x86_64 -dynamic-linker /lib64/ld-linux-x86-64.so.2 -o cmTC_984a7 /usr/bin/../lib64/gcc/x86_64-pc-linux-gnu/11.1.0/../../../../lib64/Scrt1.o /usr/bin/../lib64/gcc/x86_64-pc-linux-gnu/11.1.0/../../../../lib64/crti.o /usr/bin/../lib64/gcc/x86_64-pc-linux-gnu/11.1.0/crtbeginS.o -L/usr/local/bin/../lib/ -L/opt/rocm/lib -L/opt/rocm/hip/lib -L/usr/lib -L/usr/bin/../lib64/gcc/x86_64-pc-linux-gnu/11.1.0 -L/usr/bin/../lib64/gcc/x86_64-pc-linux-gnu/11.1.0/../../../../lib64 -L/lib/../lib64 -L/usr/lib/../lib64 -L/usr/bin/../lib -L/lib -L/usr/lib CMakeFiles/cmTC_984a7.dir/CMakeCXXCompilerABI.cpp.o -lhipSYCL-rt -rpath=/usr/local/bin/../lib/ -rpath=/opt/rocm/lib -rpath=/opt/rocm/hip/lib -lamdhip64 -lboost_context -lboost_fiber -lomp -rpath=/usr/lib -lstdc++ -lm -lgcc_s -lgcc -lc -lgcc_s -lgcc /usr/bin/../lib64/gcc/x86_64-pc-linux-gnu/11.1.0/crtendS.o /usr/bin/../lib64/gcc/x86_64-pc-linux-gnu/11.1.0/../../../../lib64/crtn.o
make[1]: Leaving directory '/home/jonas/Code/C++/build/CMakeFiles/CMakeTmp'



Parsed CXX implicit include dir info from above output: rv=done
  found start of include info
  found start of implicit include info
    add: [/usr/local/bin/../include/hipSYCL/std/hiplike]
    add: [/usr/lib/clang/13.0.0/include/..]
    add: [/usr/lib/clang/13.0.0/include/cuda_wrappers]
    add: [/opt/rocm/include]
    add: [/usr/bin/../lib64/gcc/x86_64-pc-linux-gnu/11.1.0/../../../../include/c++/11.1.0]
    add: [/usr/bin/../lib64/gcc/x86_64-pc-linux-gnu/11.1.0/../../../../include/c++/11.1.0/x86_64-pc-linux-gnu]
    add: [/usr/bin/../lib64/gcc/x86_64-pc-linux-gnu/11.1.0/../../../../include/c++/11.1.0/backward]
    add: [/usr/lib/clang/13.0.0/include]
    add: [/usr/local/bin/../include]
    add: [/usr/include]
  end of search list found
  collapse include dir [/usr/local/bin/../include/hipSYCL/std/hiplike] ==> [/usr/local/include/hipSYCL/std/hiplike]
  collapse include dir [/usr/lib/clang/13.0.0/include/..] ==> [/usr/lib/clang/13.0.0]
  collapse include dir [/usr/lib/clang/13.0.0/include/cuda_wrappers] ==> [/usr/lib/clang/13.0.0/include/cuda_wrappers]
  collapse include dir [/opt/rocm/include] ==> [/opt/rocm/include]
  collapse include dir [/usr/bin/../lib64/gcc/x86_64-pc-linux-gnu/11.1.0/../../../../include/c++/11.1.0] ==> [/usr/include/c++/11.1.0]
  collapse include dir [/usr/bin/../lib64/gcc/x86_64-pc-linux-gnu/11.1.0/../../../../include/c++/11.1.0/x86_64-pc-linux-gnu] ==> [/usr/include/c++/11.1.0/x86_64-pc-linux-gnu]
  collapse include dir [/usr/bin/../lib64/gcc/x86_64-pc-linux-gnu/11.1.0/../../../../include/c++/11.1.0/backward] ==> [/usr/include/c++/11.1.0/backward]
  collapse include dir [/usr/lib/clang/13.0.0/include] ==> [/usr/lib/clang/13.0.0/include]
  collapse include dir [/usr/local/bin/../include] ==> [/usr/local/include]
  collapse include dir [/usr/include] ==> [/usr/include]
  implicit include dirs: [/usr/local/include/hipSYCL/std/hiplike;/usr/lib/clang/13.0.0;/usr/lib/clang/13.0.0/include/cuda_wrappers;/opt/rocm/include;/usr/include/c++/11.1.0;/usr/include/c++/11.1.0/x86_64-pc-linux-gnu;/usr/include/c++/11.1.0/backward;/usr/lib/clang/13.0.0/include;/usr/local/include;/usr/include]


Parsed CXX implicit link information from above output:
  link line regex: [^( *|.*[/\])(ld|CMAKE_LINK_STARTFILE-NOTFOUND|([^/\]+-)?ld|collect2)[^/\]*( |$)]
  ignore line: [Change Dir: /home/jonas/Code/C++/build/CMakeFiles/CMakeTmp]
  ignore line: []
  ignore line: [Run Build Command(s):/usr/bin/make -f Makefile cmTC_984a7/fast && /usr/bin/make  -f CMakeFiles/cmTC_984a7.dir/build.make CMakeFiles/cmTC_984a7.dir/build]
  ignore line: [make[1]: Entering directory '/home/jonas/Code/C++/build/CMakeFiles/CMakeTmp']
  ignore line: [Building CXX object CMakeFiles/cmTC_984a7.dir/CMakeCXXCompilerABI.cpp.o]
  ignore line: [/usr/local/bin/syclcc   -v -MD -MT CMakeFiles/cmTC_984a7.dir/CMakeCXXCompilerABI.cpp.o -MF CMakeFiles/cmTC_984a7.dir/CMakeCXXCompilerABI.cpp.o.d -o CMakeFiles/cmTC_984a7.dir/CMakeCXXCompilerABI.cpp.o -c /usr/share/cmake/Modules/CMakeCXXCompilerABI.cpp]
  ignore line: [clang version 13.0.0]
  ignore line: [Target: x86_64-pc-linux-gnu]
  ignore line: [Thread model: posix]
  ignore line: [InstalledDir: /usr/bin]
  ignore line: [Found candidate GCC installation: /usr/bin/../lib/gcc/x86_64-pc-linux-gnu/10.3.0]
  ignore line: [Found candidate GCC installation: /usr/bin/../lib/gcc/x86_64-pc-linux-gnu/11.1.0]
  ignore line: [Found candidate GCC installation: /usr/bin/../lib64/gcc/x86_64-pc-linux-gnu/10.3.0]
  ignore line: [Found candidate GCC installation: /usr/bin/../lib64/gcc/x86_64-pc-linux-gnu/11.1.0]
  ignore line: [Selected GCC installation: /usr/bin/../lib64/gcc/x86_64-pc-linux-gnu/11.1.0]
  ignore line: [Candidate multilib: .]
  ignore line: [@m64]
  ignore line: [Candidate multilib: 32]
  ignore line: [@m32]
  ignore line: [Selected multilib: .]
  ignore line: [@m64]
  ignore line: [Found HIP installation: /opt/rocm  version 4.3.21365-]
  ignore line: [ "/usr/bin/clang-13" -cc1 -triple amdgcn-amd-amdhsa -aux-triple x86_64-pc-linux-gnu -emit-obj -mrelax-all --mrelax-relocations -disable-free -disable-llvm-verifier -discard-value-names -main-file-name CMakeCXXCompilerABI.cpp -mrelocation-model pic -pic-level 1 -fhalf-no-semantic-interposition -mframe-pointer=all -fno-rounding-math -aux-target-cpu x86-64 -fcuda-is-device -mllvm -amdgpu-internalize-symbols -fcuda-allow-variadic-functions -fvisibility hidden -fapply-global-visibility-to-externs -mlink-builtin-bitcode /opt/rocm/amdgcn/bitcode/hip.bc -mlink-builtin-bitcode /opt/rocm/amdgcn/bitcode/ocml.bc -mlink-builtin-bitcode /opt/rocm/amdgcn/bitcode/ockl.bc -mlink-builtin-bitcode /opt/rocm/amdgcn/bitcode/oclc_daz_opt_off.bc -mlink-builtin-bitcode /opt/rocm/amdgcn/bitcode/oclc_unsafe_math_off.bc -mlink-builtin-bitcode /opt/rocm/amdgcn/bitcode/oclc_finite_only_off.bc -mlink-builtin-bitcode /opt/rocm/amdgcn/bitcode/oclc_correctly_rounded_sqrt_on.bc -mlink-builtin-bitcode /opt/rocm/amdgcn/bitcode/oclc_wavefrontsize64_off.bc -mlink-builtin-bitcode /opt/rocm/amdgcn/bitcode/oclc_isa_version_1010.bc -target-cpu gfx1010 -debugger-tuning=gdb -v -resource-dir /usr/lib/clang/13.0.0 -dependency-file CMakeFiles/cmTC_984a7.dir/CMakeCXXCompilerABI.cpp.o.d -MT CMakeFiles/cmTC_984a7.dir/CMakeCXXCompilerABI.cpp.o -sys-header-deps -internal-isystem /usr/lib/clang/13.0.0/include/cuda_wrappers -internal-isystem /opt/rocm/include -include __clang_hip_runtime_wrapper.h -isystem /usr/local/bin/../include/hipSYCL/std/hiplike -isystem /usr/lib/clang/13.0.0/include/.. -I /usr/local/bin/../include/ -D __HIPSYCL__ -U __FLOAT128__ -U __SIZEOF_FLOAT128__ -I /opt/rocm/include -I /opt/rocm/include -D __HIP_ROCclr__ -D __HIPSYCL_ENABLE_HIP_TARGET__ -D __HIPSYCL_CLANG__ -D __HIPSYCL_ENABLE_OMPHOST_TARGET__ -I /usr/include -internal-isystem /usr/bin/../lib64/gcc/x86_64-pc-linux-gnu/11.1.0/../../../../include/c++/11.1.0 -internal-isystem /usr/bin/../lib64/gcc/x86_64-pc-linux-gnu/11.1.0/../../../../include/c++/11.1.0/x86_64-pc-linux-gnu -internal-isystem /usr/bin/../lib64/gcc/x86_64-pc-linux-gnu/11.1.0/../../../../include/c++/11.1.0/backward -internal-isystem /usr/bin/../lib64/gcc/x86_64-pc-linux-gnu/11.1.0/../../../../include/c++/11.1.0 -internal-isystem /usr/bin/../lib64/gcc/x86_64-pc-linux-gnu/11.1.0/../../../../include/c++/11.1.0/x86_64-pc-linux-gnu -internal-isystem /usr/bin/../lib64/gcc/x86_64-pc-linux-gnu/11.1.0/../../../../include/c++/11.1.0/backward -internal-isystem /usr/lib/clang/13.0.0/include -internal-isystem /usr/local/include -internal-isystem /usr/bin/../lib64/gcc/x86_64-pc-linux-gnu/11.1.0/../../../../x86_64-pc-linux-gnu/include -internal-externc-isystem /include -internal-externc-isystem /usr/include -internal-isystem /usr/lib/clang/13.0.0/include -internal-isystem /usr/local/include -internal-isystem /usr/bin/../lib64/gcc/x86_64-pc-linux-gnu/11.1.0/../../../../x86_64-pc-linux-gnu/include -internal-externc-isystem /include -internal-externc-isystem /usr/include -std=c++17 -fdeprecated-macro -fno-autolink -fdebug-compilation-dir=/home/jonas/Code/C++/build/CMakeFiles/CMakeTmp -ferror-limit 19 -fhip-new-launch-api -fgnuc-version=4.2.1 -fcxx-exceptions -fexceptions -load /usr/local/bin/../lib/libhipSYCL_clang.so -fpass-plugin=/usr/local/bin/../lib/libhipSYCL_clang.so -mllvm -amdgpu-early-inline-all=true -mllvm -amdgpu-function-calls=false -cuid=3d7f29ddb45ab1e2 -fcuda-allow-variadic-functions -faddrsig -D__GCC_HAVE_DWARF2_CFI_ASM=1 -o /tmp/CMakeCXXCompilerABI-aa7ee8.o -x hip /usr/share/cmake/Modules/CMakeCXXCompilerABI.cpp]
  ignore line: [clang -cc1 version 13.0.0 based upon LLVM 13.0.0 default target x86_64-pc-linux-gnu]
  ignore line: [ignoring nonexistent directory "/usr/bin/../lib64/gcc/x86_64-pc-linux-gnu/11.1.0/../../../../x86_64-pc-linux-gnu/include"]
  ignore line: [ignoring nonexistent directory "/include"]
  ignore line: [ignoring nonexistent directory "/usr/bin/../lib64/gcc/x86_64-pc-linux-gnu/11.1.0/../../../../x86_64-pc-linux-gnu/include"]
  ignore line: [ignoring nonexistent directory "/include"]
  ignore line: [ignoring duplicate directory "/opt/rocm/include"]
  ignore line: [ignoring duplicate directory "/opt/rocm/include"]
  ignore line: [  as it is a non-system directory that duplicates a system directory]
  ignore line: [ignoring duplicate directory "/usr/bin/../lib64/gcc/x86_64-pc-linux-gnu/11.1.0/../../../../include/c++/11.1.0"]
  ignore line: [ignoring duplicate directory "/usr/bin/../lib64/gcc/x86_64-pc-linux-gnu/11.1.0/../../../../include/c++/11.1.0/x86_64-pc-linux-gnu"]
  ignore line: [ignoring duplicate directory "/usr/bin/../lib64/gcc/x86_64-pc-linux-gnu/11.1.0/../../../../include/c++/11.1.0/backward"]
  ignore line: [ignoring duplicate directory "/usr/local/bin/../include"]
  ignore line: [  as it is a non-system directory that duplicates a system directory]
  ignore line: [ignoring duplicate directory "/usr/include"]
  ignore line: [  as it is a non-system directory that duplicates a system directory]
  ignore line: [ignoring duplicate directory "/usr/lib/clang/13.0.0/include"]
  ignore line: [ignoring duplicate directory "/usr/local/bin/../include"]
  ignore line: [ignoring duplicate directory "/usr/include"]
  ignore line: [ignoring duplicate directory "/usr/local/bin/../include"]
  ignore line: [ignoring duplicate directory "/usr/lib/clang/13.0.0/include"]
  ignore line: [ignoring duplicate directory "/usr/include"]
  ignore line: [#include "..." search starts here:]
  ignore line: [#include <...> search starts here:]
  ignore line: [ /usr/local/bin/../include/hipSYCL/std/hiplike]
  ignore line: [ /usr/lib/clang/13.0.0/include/..]
  ignore line: [ /usr/lib/clang/13.0.0/include/cuda_wrappers]
  ignore line: [ /opt/rocm/include]
  ignore line: [ /usr/bin/../lib64/gcc/x86_64-pc-linux-gnu/11.1.0/../../../../include/c++/11.1.0]
  ignore line: [ /usr/bin/../lib64/gcc/x86_64-pc-linux-gnu/11.1.0/../../../../include/c++/11.1.0/x86_64-pc-linux-gnu]
  ignore line: [ /usr/bin/../lib64/gcc/x86_64-pc-linux-gnu/11.1.0/../../../../include/c++/11.1.0/backward]
  ignore line: [ /usr/lib/clang/13.0.0/include]
  ignore line: [ /usr/local/bin/../include]
  ignore line: [ /usr/include]
  ignore line: [End of search list.]
  ignore line: [ "/usr/bin/lld" -flavor gnu --no-undefined -shared -plugin-opt=-amdgpu-internalize-symbols -plugin-opt=mcpu=gfx1010 -plugin-opt=-amdgpu-early-inline-all=true -plugin-opt=-amdgpu-function-calls=false -o /tmp/CMakeCXXCompilerABI-30014c.out /tmp/CMakeCXXCompilerABI-aa7ee8.o]
  ignore line: [ "/usr/bin/clang-offload-bundler" -type=o -bundle-align=4096 -targets=host-x86_64-unknown-linux hipv4-amdgcn-amd-amdhsa--gfx1010 -inputs=/dev/null /tmp/CMakeCXXCompilerABI-30014c.out -outputs=/tmp/CMakeCXXCompilerABI-b827ef.hipfb]
  ignore line: [ "/usr/bin/clang-13" -cc1 -triple x86_64-pc-linux-gnu -aux-triple amdgcn-amd-amdhsa -emit-obj -mrelax-all --mrelax-relocations -disable-free -disable-llvm-verifier -discard-value-names -main-file-name CMakeCXXCompilerABI.cpp -mrelocation-model pic -pic-level 2 -pic-is-pie -mframe-pointer=all -fmath-errno -fno-rounding-math -mconstructor-aliases -munwind-tables -target-cpu x86-64 -tune-cpu generic -debugger-tuning=gdb -v -fcoverage-compilation-dir=/home/jonas/Code/C++/build/CMakeFiles/CMakeTmp -resource-dir /usr/lib/clang/13.0.0 -dependency-file CMakeFiles/cmTC_984a7.dir/CMakeCXXCompilerABI.cpp.o.d -MT CMakeFiles/cmTC_984a7.dir/CMakeCXXCompilerABI.cpp.o -sys-header-deps -internal-isystem /usr/lib/clang/13.0.0/include/cuda_wrappers -internal-isystem /opt/rocm/include -include __clang_hip_runtime_wrapper.h -isystem /usr/local/bin/../include/hipSYCL/std/hiplike -isystem /usr/lib/clang/13.0.0/include/.. -I /usr/local/bin/../include/ -D __HIPSYCL__ -U __FLOAT128__ -U __SIZEOF_FLOAT128__ -I /opt/rocm/include -I /opt/rocm/include -D __HIP_ROCclr__ -D __HIPSYCL_ENABLE_HIP_TARGET__ -D __HIPSYCL_CLANG__ -D __HIPSYCL_ENABLE_OMPHOST_TARGET__ -I /usr/include -internal-isystem /usr/bin/../lib64/gcc/x86_64-pc-linux-gnu/11.1.0/../../../../include/c++/11.1.0 -internal-isystem /usr/bin/../lib64/gcc/x86_64-pc-linux-gnu/11.1.0/../../../../include/c++/11.1.0/x86_64-pc-linux-gnu -internal-isystem /usr/bin/../lib64/gcc/x86_64-pc-linux-gnu/11.1.0/../../../../include/c++/11.1.0/backward -internal-isystem /usr/bin/../lib64/gcc/x86_64-pc-linux-gnu/11.1.0/../../../../include/c++/11.1.0 -internal-isystem /usr/bin/../lib64/gcc/x86_64-pc-linux-gnu/11.1.0/../../../../include/c++/11.1.0/x86_64-pc-linux-gnu -internal-isystem /usr/bin/../lib64/gcc/x86_64-pc-linux-gnu/11.1.0/../../../../include/c++/11.1.0/backward -internal-isystem /usr/lib/clang/13.0.0/include -internal-isystem /usr/local/include -internal-isystem /usr/bin/../lib64/gcc/x86_64-pc-linux-gnu/11.1.0/../../../../x86_64-pc-linux-gnu/include -internal-externc-isystem /include -internal-externc-isystem /usr/include -internal-isystem /usr/lib/clang/13.0.0/include -internal-isystem /usr/local/include -internal-isystem /usr/bin/../lib64/gcc/x86_64-pc-linux-gnu/11.1.0/../../../../x86_64-pc-linux-gnu/include -internal-externc-isystem /include -internal-externc-isystem /usr/include -std=c++17 -fdeprecated-macro -fdebug-compilation-dir=/home/jonas/Code/C++/build/CMakeFiles/CMakeTmp -ferror-limit 19 -stack-protector 2 -fhip-new-launch-api -fgnuc-version=4.2.1 -fcxx-exceptions -fexceptions -load /usr/local/bin/../lib/libhipSYCL_clang.so -fpass-plugin=/usr/local/bin/../lib/libhipSYCL_clang.so -mllvm -amdgpu-early-inline-all=true -mllvm -amdgpu-function-calls=false -fcuda-include-gpubinary /tmp/CMakeCXXCompilerABI-b827ef.hipfb -cuid=3d7f29ddb45ab1e2 -fcuda-allow-variadic-functions -faddrsig -D__GCC_HAVE_DWARF2_CFI_ASM=1 -o CMakeFiles/cmTC_984a7.dir/CMakeCXXCompilerABI.cpp.o -x hip /usr/share/cmake/Modules/CMakeCXXCompilerABI.cpp]
  ignore line: [clang -cc1 version 13.0.0 based upon LLVM 13.0.0 default target x86_64-pc-linux-gnu]
  ignore line: [ignoring nonexistent directory "/usr/bin/../lib64/gcc/x86_64-pc-linux-gnu/11.1.0/../../../../x86_64-pc-linux-gnu/include"]
  ignore line: [ignoring nonexistent directory "/include"]
  ignore line: [ignoring nonexistent directory "/usr/bin/../lib64/gcc/x86_64-pc-linux-gnu/11.1.0/../../../../x86_64-pc-linux-gnu/include"]
  ignore line: [ignoring nonexistent directory "/include"]
  ignore line: [ignoring duplicate directory "/opt/rocm/include"]
  ignore line: [ignoring duplicate directory "/opt/rocm/include"]
  ignore line: [  as it is a non-system directory that duplicates a system directory]
  ignore line: [ignoring duplicate directory "/usr/bin/../lib64/gcc/x86_64-pc-linux-gnu/11.1.0/../../../../include/c++/11.1.0"]
  ignore line: [ignoring duplicate directory "/usr/bin/../lib64/gcc/x86_64-pc-linux-gnu/11.1.0/../../../../include/c++/11.1.0/x86_64-pc-linux-gnu"]
  ignore line: [ignoring duplicate directory "/usr/bin/../lib64/gcc/x86_64-pc-linux-gnu/11.1.0/../../../../include/c++/11.1.0/backward"]
  ignore line: [ignoring duplicate directory "/usr/local/bin/../include"]
  ignore line: [  as it is a non-system directory that duplicates a system directory]
  ignore line: [ignoring duplicate directory "/usr/include"]
  ignore line: [  as it is a non-system directory that duplicates a system directory]
  ignore line: [ignoring duplicate directory "/usr/lib/clang/13.0.0/include"]
  ignore line: [ignoring duplicate directory "/usr/local/bin/../include"]
  ignore line: [ignoring duplicate directory "/usr/include"]
  ignore line: [#include "..." search starts here:]
  ignore line: [#include <...> search starts here:]
  ignore line: [ /usr/local/bin/../include/hipSYCL/std/hiplike]
  ignore line: [ /usr/lib/clang/13.0.0/include/..]
  ignore line: [ /usr/lib/clang/13.0.0/include/cuda_wrappers]
  ignore line: [ /opt/rocm/include]
  ignore line: [ /usr/bin/../lib64/gcc/x86_64-pc-linux-gnu/11.1.0/../../../../include/c++/11.1.0]
  ignore line: [ /usr/bin/../lib64/gcc/x86_64-pc-linux-gnu/11.1.0/../../../../include/c++/11.1.0/x86_64-pc-linux-gnu]
  ignore line: [ /usr/bin/../lib64/gcc/x86_64-pc-linux-gnu/11.1.0/../../../../include/c++/11.1.0/backward]
  ignore line: [ /usr/lib/clang/13.0.0/include]
  ignore line: [ /usr/local/bin/../include]
  ignore line: [ /usr/include]
  ignore line: [End of search list.]
  ignore line: [syclcc warning: No optimization flag was given  optimizations are disabled by default. Performance may be degraded. Compile with e.g. -O2/-O3 to enable optimizations.]
  ignore line: [Linking CXX executable cmTC_984a7]
  ignore line: [/usr/bin/cmake -E cmake_link_script CMakeFiles/cmTC_984a7.dir/link.txt --verbose=1]
  ignore line: [/usr/local/bin/syclcc  -v CMakeFiles/cmTC_984a7.dir/CMakeCXXCompilerABI.cpp.o -o cmTC_984a7 ]
  ignore line: [clang version 13.0.0]
  ignore line: [Target: x86_64-pc-linux-gnu]
  ignore line: [Thread model: posix]
  ignore line: [InstalledDir: /usr/bin]
  ignore line: [Found candidate GCC installation: /usr/bin/../lib/gcc/x86_64-pc-linux-gnu/10.3.0]
  ignore line: [Found candidate GCC installation: /usr/bin/../lib/gcc/x86_64-pc-linux-gnu/11.1.0]
  ignore line: [Found candidate GCC installation: /usr/bin/../lib64/gcc/x86_64-pc-linux-gnu/10.3.0]
  ignore line: [Found candidate GCC installation: /usr/bin/../lib64/gcc/x86_64-pc-linux-gnu/11.1.0]
  ignore line: [Selected GCC installation: /usr/bin/../lib64/gcc/x86_64-pc-linux-gnu/11.1.0]
  ignore line: [Candidate multilib: .]
  ignore line: [@m64]
  ignore line: [Candidate multilib: 32]
  ignore line: [@m32]
  ignore line: [Selected multilib: .]
  ignore line: [@m64]
  ignore line: [Found HIP installation: /opt/rocm  version 4.3.21365-]
  link line: [ "/usr/bin/ld" -pie --eh-frame-hdr -m elf_x86_64 -dynamic-linker /lib64/ld-linux-x86-64.so.2 -o cmTC_984a7 /usr/bin/../lib64/gcc/x86_64-pc-linux-gnu/11.1.0/../../../../lib64/Scrt1.o /usr/bin/../lib64/gcc/x86_64-pc-linux-gnu/11.1.0/../../../../lib64/crti.o /usr/bin/../lib64/gcc/x86_64-pc-linux-gnu/11.1.0/crtbeginS.o -L/usr/local/bin/../lib/ -L/opt/rocm/lib -L/opt/rocm/hip/lib -L/usr/lib -L/usr/bin/../lib64/gcc/x86_64-pc-linux-gnu/11.1.0 -L/usr/bin/../lib64/gcc/x86_64-pc-linux-gnu/11.1.0/../../../../lib64 -L/lib/../lib64 -L/usr/lib/../lib64 -L/usr/bin/../lib -L/lib -L/usr/lib CMakeFiles/cmTC_984a7.dir/CMakeCXXCompilerABI.cpp.o -lhipSYCL-rt -rpath=/usr/local/bin/../lib/ -rpath=/opt/rocm/lib -rpath=/opt/rocm/hip/lib -lamdhip64 -lboost_context -lboost_fiber -lomp -rpath=/usr/lib -lstdc++ -lm -lgcc_s -lgcc -lc -lgcc_s -lgcc /usr/bin/../lib64/gcc/x86_64-pc-linux-gnu/11.1.0/crtendS.o /usr/bin/../lib64/gcc/x86_64-pc-linux-gnu/11.1.0/../../../../lib64/crtn.o]
    arg [/usr/bin/ld] ==> ignore
    arg [-pie] ==> ignore
    arg [--eh-frame-hdr] ==> ignore
    arg [-m] ==> ignore
    arg [elf_x86_64] ==> ignore
    arg [-dynamic-linker] ==> ignore
    arg [/lib64/ld-linux-x86-64.so.2] ==> ignore
    arg [-o] ==> ignore
    arg [cmTC_984a7] ==> ignore
    arg [/usr/bin/../lib64/gcc/x86_64-pc-linux-gnu/11.1.0/../../../../lib64/Scrt1.o] ==> obj [/usr/bin/../lib64/gcc/x86_64-pc-linux-gnu/11.1.0/../../../../lib64/Scrt1.o]
    arg [/usr/bin/../lib64/gcc/x86_64-pc-linux-gnu/11.1.0/../../../../lib64/crti.o] ==> obj [/usr/bin/../lib64/gcc/x86_64-pc-linux-gnu/11.1.0/../../../../lib64/crti.o]
    arg [/usr/bin/../lib64/gcc/x86_64-pc-linux-gnu/11.1.0/crtbeginS.o] ==> obj [/usr/bin/../lib64/gcc/x86_64-pc-linux-gnu/11.1.0/crtbeginS.o]
    arg [-L/usr/local/bin/../lib/] ==> dir [/usr/local/bin/../lib/]
    arg [-L/opt/rocm/lib] ==> dir [/opt/rocm/lib]
    arg [-L/opt/rocm/hip/lib] ==> dir [/opt/rocm/hip/lib]
    arg [-L/usr/lib] ==> dir [/usr/lib]
    arg [-L/usr/bin/../lib64/gcc/x86_64-pc-linux-gnu/11.1.0] ==> dir [/usr/bin/../lib64/gcc/x86_64-pc-linux-gnu/11.1.0]
    arg [-L/usr/bin/../lib64/gcc/x86_64-pc-linux-gnu/11.1.0/../../../../lib64] ==> dir [/usr/bin/../lib64/gcc/x86_64-pc-linux-gnu/11.1.0/../../../../lib64]
    arg [-L/lib/../lib64] ==> dir [/lib/../lib64]
    arg [-L/usr/lib/../lib64] ==> dir [/usr/lib/../lib64]
    arg [-L/usr/bin/../lib] ==> dir [/usr/bin/../lib]
    arg [-L/lib] ==> dir [/lib]
    arg [-L/usr/lib] ==> dir [/usr/lib]
    arg [CMakeFiles/cmTC_984a7.dir/CMakeCXXCompilerABI.cpp.o] ==> ignore
    arg [-lhipSYCL-rt] ==> lib [hipSYCL-rt]
    arg [-rpath=/usr/local/bin/../lib/] ==> ignore
    arg [-rpath=/opt/rocm/lib] ==> ignore
    arg [-rpath=/opt/rocm/hip/lib] ==> ignore
    arg [-lamdhip64] ==> lib [amdhip64]
    arg [-lboost_context] ==> lib [boost_context]
    arg [-lboost_fiber] ==> lib [boost_fiber]
    arg [-lomp] ==> lib [omp]
    arg [-rpath=/usr/lib] ==> ignore
    arg [-lstdc++] ==> lib [stdc++]
    arg [-lm] ==> lib [m]
    arg [-lgcc_s] ==> lib [gcc_s]
    arg [-lgcc] ==> lib [gcc]
    arg [-lc] ==> lib [c]
    arg [-lgcc_s] ==> lib [gcc_s]
    arg [-lgcc] ==> lib [gcc]
    arg [/usr/bin/../lib64/gcc/x86_64-pc-linux-gnu/11.1.0/crtendS.o] ==> obj [/usr/bin/../lib64/gcc/x86_64-pc-linux-gnu/11.1.0/crtendS.o]
    arg [/usr/bin/../lib64/gcc/x86_64-pc-linux-gnu/11.1.0/../../../../lib64/crtn.o] ==> obj [/usr/bin/../lib64/gcc/x86_64-pc-linux-gnu/11.1.0/../../../../lib64/crtn.o]
  collapse obj [/usr/bin/../lib64/gcc/x86_64-pc-linux-gnu/11.1.0/../../../../lib64/Scrt1.o] ==> [/usr/lib64/Scrt1.o]
  collapse obj [/usr/bin/../lib64/gcc/x86_64-pc-linux-gnu/11.1.0/../../../../lib64/crti.o] ==> [/usr/lib64/crti.o]
  collapse obj [/usr/bin/../lib64/gcc/x86_64-pc-linux-gnu/11.1.0/crtbeginS.o] ==> [/usr/lib64/gcc/x86_64-pc-linux-gnu/11.1.0/crtbeginS.o]
  collapse obj [/usr/bin/../lib64/gcc/x86_64-pc-linux-gnu/11.1.0/crtendS.o] ==> [/usr/lib64/gcc/x86_64-pc-linux-gnu/11.1.0/crtendS.o]
  collapse obj [/usr/bin/../lib64/gcc/x86_64-pc-linux-gnu/11.1.0/../../../../lib64/crtn.o] ==> [/usr/lib64/crtn.o]
  collapse library dir [/usr/local/bin/../lib/] ==> [/usr/local/lib]
  collapse library dir [/opt/rocm/lib] ==> [/opt/rocm/lib]
  collapse library dir [/opt/rocm/hip/lib] ==> [/opt/rocm/hip/lib]
  collapse library dir [/usr/lib] ==> [/usr/lib]
  collapse library dir [/usr/bin/../lib64/gcc/x86_64-pc-linux-gnu/11.1.0] ==> [/usr/lib64/gcc/x86_64-pc-linux-gnu/11.1.0]
  collapse library dir [/usr/bin/../lib64/gcc/x86_64-pc-linux-gnu/11.1.0/../../../../lib64] ==> [/usr/lib64]
  collapse library dir [/lib/../lib64] ==> [/lib64]
  collapse library dir [/usr/lib/../lib64] ==> [/usr/lib64]
  collapse library dir [/usr/bin/../lib] ==> [/usr/lib]
  collapse library dir [/lib] ==> [/lib]
  collapse library dir [/usr/lib] ==> [/usr/lib]
  implicit libs: [hipSYCL-rt;amdhip64;boost_context;boost_fiber;omp;stdc++;m;gcc_s;gcc;c;gcc_s;gcc]
  implicit objs: [/usr/lib64/Scrt1.o;/usr/lib64/crti.o;/usr/lib64/gcc/x86_64-pc-linux-gnu/11.1.0/crtbeginS.o;/usr/lib64/gcc/x86_64-pc-linux-gnu/11.1.0/crtendS.o;/usr/lib64/crtn.o]
  implicit dirs: [/usr/local/lib;/opt/rocm/lib;/opt/rocm/hip/lib;/usr/lib;/usr/lib64/gcc/x86_64-pc-linux-gnu/11.1.0;/usr/lib64;/lib64;/lib]
  implicit fwks: []


